2025-02-09 04:00:37,751 ERROR frappe New Exception collected in error log
Site: frappe.test
Form Dict: {'docs': '{"name":"Task","owner":"Administrator","creation":"2025-02-09 03:36:36.664918","modified":"2025-02-09 04:00:31.744267","modified_by":"Administrator","docstatus":0,"idx":0,"read_only":0,"in_create":0,"naming_rule":"Autoincrement","autoname":"autoincrement","allow_rename":1,"module":"Project Management","is_submittable":0,"istable":0,"issingle":0,"is_tree":0,"is_calendar_and_gantt":0,"editable_grid":0,"quick_entry":0,"track_changes":0,"track_seen":0,"track_views":0,"custom":0,"beta":0,"is_virtual":0,"queue_in_background":0,"max_attachments":0,"hide_toolbar":0,"allow_copy":0,"allow_import":0,"allow_events_in_timeline":0,"allow_auto_repeat":0,"make_attachments_public":0,"show_title_field_in_link":0,"translated_doctype":0,"sort_field":"creation","sort_order":"DESC","force_re_route_to_default_view":0,"document_type":"","show_preview_popup":0,"show_name_in_global_search":0,"email_append_to":0,"has_web_view":0,"allow_guest_to_view":0,"index_web_pages_for_search":1,"engine":"InnoDB","doctype":"DocType","actions":[],"permissions":[{"name":"joeicg4upi","owner":"Administrator","creation":"2025-02-09 03:36:36.664918","modified":"2025-02-09 04:00:31.744267","modified_by":"Administrator","docstatus":0,"idx":1,"role":"System Manager","if_owner":0,"permlevel":0,"select":0,"read":1,"write":1,"create":1,"delete":1,"submit":0,"cancel":0,"amend":0,"report":1,"export":1,"import":0,"share":1,"print":1,"email":1,"parent":"Task","parentfield":"permissions","parenttype":"DocType","doctype":"DocPerm"}],"states":[],"links":[],"fields":[{"name":"171ggvcu5s","owner":"Administrator","creation":"2025-02-09 03:36:36.664918","modified":"2025-02-09 04:00:31.744267","modified_by":"Administrator","docstatus":0,"idx":1,"label":"task_name","fieldtype":"Data","fieldname":"goal_name","precision":"","length":0,"non_negative":0,"hide_days":0,"hide_seconds":0,"reqd":0,"is_virtual":0,"search_index":0,"not_nullable":0,"sort_options":0,"show_dashboard":0,"fetch_if_empty":0,"hidden":0,"show_on_timeline":0,"bold":0,"allow_in_quick_entry":0,"translatable":0,"print_hide":0,"print_hide_if_no_value":0,"report_hide":0,"collapsible":0,"hide_border":0,"in_list_view":0,"in_standard_filter":0,"in_preview":0,"sticky":0,"in_filter":0,"in_global_search":0,"read_only":0,"allow_on_submit":0,"ignore_user_permissions":0,"allow_bulk_edit":0,"make_attachment_public":0,"permlevel":0,"ignore_xss_filter":0,"unique":0,"no_copy":0,"set_only_once":0,"remember_last_selected_value":0,"columns":0,"parent":"Task","parentfield":"fields","parenttype":"DocType","doctype":"DocField"},{"name":"171c2j8mb6","owner":"Administrator","creation":"2025-02-09 03:36:36.664918","modified":"2025-02-09 04:00:31.744267","modified_by":"Administrator","docstatus":0,"idx":2,"label":"project","fieldtype":"Link","fieldname":"project","precision":"","length":0,"non_negative":0,"hide_days":0,"hide_seconds":0,"reqd":0,"is_virtual":0,"search_index":0,"not_nullable":0,"options":"Project","sort_options":0,"show_dashboard":0,"fetch_if_empty":0,"hidden":0,"show_on_timeline":0,"bold":0,"allow_in_quick_entry":0,"translatable":0,"print_hide":0,"print_hide_if_no_value":0,"report_hide":0,"collapsible":0,"hide_border":0,"in_list_view":0,"in_standard_filter":0,"in_preview":0,"sticky":0,"in_filter":0,"in_global_search":0,"read_only":0,"allow_on_submit":0,"ignore_user_permissions":0,"allow_bulk_edit":0,"make_attachment_public":0,"permlevel":0,"ignore_xss_filter":0,"unique":0,"no_copy":0,"set_only_once":0,"remember_last_selected_value":0,"columns":0,"parent":"Task","parentfield":"fields","parenttype":"DocType","doctype":"DocField"},{"name":"171kvvtv05","owner":"Administrator","creation":"2025-02-09 03:36:36.664918","modified":"2025-02-09 04:00:31.744267","modified_by":"Administrator","docstatus":0,"idx":3,"label":"assigned_to","fieldtype":"Link","fieldname":"assigned_to","precision":"","length":0,"non_negative":0,"hide_days":0,"hide_seconds":0,"reqd":0,"is_virtual":0,"search_index":0,"not_nullable":0,"options":"Employee","sort_options":0,"show_dashboard":0,"fetch_if_empty":0,"hidden":0,"show_on_timeline":0,"bold":0,"allow_in_quick_entry":0,"translatable":0,"print_hide":0,"print_hide_if_no_value":0,"report_hide":0,"collapsible":0,"hide_border":0,"in_list_view":0,"in_standard_filter":0,"in_preview":0,"sticky":0,"in_filter":0,"in_global_search":0,"read_only":0,"allow_on_submit":0,"ignore_user_permissions":0,"allow_bulk_edit":0,"make_attachment_public":0,"permlevel":0,"ignore_xss_filter":0,"unique":0,"no_copy":0,"set_only_once":0,"remember_last_selected_value":0,"columns":0,"parent":"Task","parentfield":"fields","parenttype":"DocType","doctype":"DocField"},{"name":"1719fuqfrm","owner":"Administrator","creation":"2025-02-09 03:36:36.664918","modified":"2025-02-09 04:00:31.744267","modified_by":"Administrator","docstatus":0,"idx":4,"label":"start_date","fieldtype":"Date","fieldname":"start_date","precision":"","length":0,"non_negative":0,"hide_days":0,"hide_seconds":0,"reqd":0,"is_virtual":0,"search_index":0,"not_nullable":0,"sort_options":0,"show_dashboard":0,"fetch_if_empty":0,"hidden":0,"show_on_timeline":0,"bold":0,"allow_in_quick_entry":0,"translatable":0,"print_hide":0,"print_hide_if_no_value":0,"report_hide":0,"collapsible":0,"hide_border":0,"in_list_view":0,"in_standard_filter":0,"in_preview":0,"sticky":0,"in_filter":0,"in_global_search":0,"read_only":0,"allow_on_submit":0,"ignore_user_permissions":0,"allow_bulk_edit":0,"make_attachment_public":0,"permlevel":0,"ignore_xss_filter":0,"unique":0,"no_copy":0,"set_only_once":0,"remember_last_selected_value":0,"columns":0,"parent":"Task","parentfield":"fields","parenttype":"DocType","doctype":"DocField"},{"name":"171v1bo4l5","owner":"Administrator","creation":"2025-02-09 03:36:36.664918","modified":"2025-02-09 04:00:31.744267","modified_by":"Administrator","docstatus":0,"idx":5,"label":"end_date","fieldtype":"Date","fieldname":"end_date","precision":"","length":0,"non_negative":0,"hide_days":0,"hide_seconds":0,"reqd":0,"is_virtual":0,"search_index":0,"not_nullable":0,"sort_options":0,"show_dashboard":0,"fetch_if_empty":0,"hidden":0,"show_on_timeline":0,"bold":0,"allow_in_quick_entry":0,"translatable":0,"print_hide":0,"print_hide_if_no_value":0,"report_hide":0,"collapsible":0,"hide_border":0,"in_list_view":0,"in_standard_filter":0,"in_preview":0,"sticky":0,"in_filter":0,"in_global_search":0,"read_only":0,"allow_on_submit":0,"ignore_user_permissions":0,"allow_bulk_edit":0,"make_attachment_public":0,"permlevel":0,"ignore_xss_filter":0,"unique":0,"no_copy":0,"set_only_once":0,"remember_last_selected_value":0,"columns":0,"parent":"Task","parentfield":"fields","parenttype":"DocType","doctype":"DocField"},{"name":"1718jm084c","owner":"Administrator","creation":"2025-02-09 03:36:36.664918","modified":"2025-02-09 04:00:31.744267","modified_by":"Administrator","docstatus":0,"idx":6,"label":"status","fieldtype":"Select","fieldname":"status","precision":"","length":0,"non_negative":0,"hide_days":0,"hide_seconds":0,"reqd":0,"is_virtual":0,"search_index":0,"not_nullable":0,"options":"Not Started\\nIn Progress\\nCompleted","sort_options":0,"show_dashboard":0,"fetch_if_empty":0,"hidden":0,"show_on_timeline":0,"bold":0,"allow_in_quick_entry":0,"translatable":0,"print_hide":0,"print_hide_if_no_value":0,"report_hide":0,"collapsible":0,"hide_border":0,"in_list_view":0,"in_standard_filter":0,"in_preview":0,"sticky":0,"in_filter":0,"in_global_search":0,"read_only":0,"allow_on_submit":0,"ignore_user_permissions":0,"allow_bulk_edit":0,"make_attachment_public":0,"permlevel":0,"ignore_xss_filter":0,"unique":0,"no_copy":0,"set_only_once":0,"remember_last_selected_value":0,"columns":0,"parent":"Task","parentfield":"fields","parenttype":"DocType","doctype":"DocField"},{"name":"171bl1jovd","owner":"Administrator","creation":"2025-02-09 03:36:36.664918","modified":"2025-02-09 04:00:31.744267","modified_by":"Administrator","docstatus":0,"idx":7,"label":"priority","fieldtype":"Select","fieldname":"priority","precision":"","length":0,"non_negative":0,"hide_days":0,"hide_seconds":0,"reqd":0,"is_virtual":0,"search_index":0,"not_nullable":0,"options":"Low\\nMedium\\nHigh","sort_options":0,"show_dashboard":0,"fetch_if_empty":0,"hidden":0,"show_on_timeline":0,"bold":0,"allow_in_quick_entry":0,"translatable":0,"print_hide":0,"print_hide_if_no_value":0,"report_hide":0,"collapsible":0,"hide_border":0,"in_list_view":0,"in_standard_filter":0,"in_preview":0,"sticky":0,"in_filter":0,"in_global_search":0,"read_only":0,"allow_on_submit":0,"ignore_user_permissions":0,"allow_bulk_edit":0,"make_attachment_public":0,"permlevel":0,"ignore_xss_filter":0,"unique":0,"no_copy":0,"set_only_once":0,"remember_last_selected_value":0,"columns":0,"parent":"Task","parentfield":"fields","parenttype":"DocType","doctype":"DocField"},{"name":"171knblspm","owner":"Administrator","creation":"2025-02-09 03:36:36.664918","modified":"2025-02-09 04:00:31.744267","modified_by":"Administrator","docstatus":0,"idx":8,"label":"description","fieldtype":"Text","fieldname":"description","precision":"","length":0,"non_negative":0,"hide_days":0,"hide_seconds":0,"reqd":0,"is_virtual":0,"search_index":0,"not_nullable":0,"sort_options":0,"show_dashboard":0,"fetch_if_empty":0,"hidden":0,"show_on_timeline":0,"bold":0,"allow_in_quick_entry":0,"translatable":0,"print_hide":0,"print_hide_if_no_value":0,"report_hide":0,"collapsible":0,"hide_border":0,"in_list_view":0,"in_standard_filter":0,"in_preview":0,"sticky":0,"in_filter":0,"in_global_search":0,"read_only":0,"allow_on_submit":0,"ignore_user_permissions":0,"allow_bulk_edit":0,"make_attachment_public":0,"permlevel":0,"ignore_xss_filter":0,"unique":0,"no_copy":0,"set_only_once":0,"remember_last_selected_value":0,"columns":0,"parent":"Task","parentfield":"fields","parenttype":"DocType","doctype":"DocField"}],"__last_sync_on":"2025-02-09T03:00:37.656Z"}', 'method': 'check_pending_migration', 'cmd': 'run_doc_method'}
2025-02-09 04:19:53,615 ERROR frappe New Exception collected in error log
Site: frappe.test
Form Dict: {'cmd': 'project_management_app.api.create_task'}
2025-02-09 04:25:27,609 ERROR frappe New Exception collected in error log
Site: project-management
Form Dict: {'cmd': 'project_management_app.api.create_task'}
2025-02-09 04:28:45,087 ERROR frappe Could not take error snapshot: 'str' object has no attribute 'api'
Site: project-management
Form Dict: {}
Traceback (most recent call last):
  File "/Users/effemm/Documents/frappe-/frappe-test-bench/apps/frappe/frappe/utils/caching.py", line 62, in wrapper
    return _cache[func][args_key]
KeyError: 5740354900026072187

During handling of the above exception, another exception occurred:

Traceback (most recent call last):
  File "/Users/effemm/Documents/frappe-/frappe-test-bench/apps/frappe/frappe/app.py", line 96, in application
    init_request(request)
  File "/Users/effemm/Documents/frappe-/frappe-test-bench/apps/frappe/frappe/app.py", line 198, in init_request
    for before_request_task in frappe.get_hooks("before_request"):
  File "/Users/effemm/Documents/frappe-/frappe-test-bench/apps/frappe/frappe/__init__.py", line 1571, in get_hooks
    hooks = _load_app_hooks()
  File "/Users/effemm/Documents/frappe-/frappe-test-bench/apps/frappe/frappe/utils/caching.py", line 64, in wrapper
    return_val = func(*args, **kwargs)
  File "/Users/effemm/Documents/frappe-/frappe-test-bench/apps/frappe/frappe/__init__.py", line 1540, in _load_app_hooks
    app_hooks = get_module(f"{app}.hooks")
  File "/Users/effemm/Documents/frappe-/frappe-test-bench/apps/frappe/frappe/__init__.py", line 1406, in get_module
    return importlib.import_module(modulename)
  File "/Library/Frameworks/Python.framework/Versions/3.10/lib/python3.10/importlib/__init__.py", line 126, in import_module
    return _bootstrap._gcd_import(name[level:], package, level)
  File "<frozen importlib._bootstrap>", line 1050, in _gcd_import
  File "<frozen importlib._bootstrap>", line 1027, in _find_and_load
  File "<frozen importlib._bootstrap>", line 1006, in _find_and_load_unlocked
  File "<frozen importlib._bootstrap>", line 688, in _load_unlocked
  File "<frozen importlib._bootstrap_external>", line 883, in exec_module
  File "<frozen importlib._bootstrap>", line 241, in _call_with_frames_removed
  File "/Users/effemm/Documents/frappe-/frappe-test-bench/apps/project_management_app/project_management_app/hooks.py", line 252, in <module>
    app_name.api.create_task = "project_management_app.api.create_task"
AttributeError: 'str' object has no attribute 'api'

During handling of the above exception, another exception occurred:

Traceback (most recent call last):
  File "/Users/effemm/Documents/frappe-/frappe-test-bench/apps/frappe/frappe/utils/caching.py", line 62, in wrapper
    return _cache[func][args_key]
KeyError: 5740354900026072187

During handling of the above exception, another exception occurred:

Traceback (most recent call last):
  File "/Users/effemm/Documents/frappe-/frappe-test-bench/apps/frappe/frappe/utils/error.py", line 87, in log_error_snapshot
    log_error(title=str(exception), defer_insert=True)
  File "/Users/effemm/Documents/frappe-/frappe-test-bench/apps/frappe/frappe/utils/error.py", line 62, in log_error
    error_log = frappe.get_doc(
  File "/Users/effemm/Documents/frappe-/frappe-test-bench/apps/frappe/frappe/__init__.py", line 1263, in get_doc
    return frappe.model.document.get_doc(*args, **kwargs)
  File "/Users/effemm/Documents/frappe-/frappe-test-bench/apps/frappe/frappe/model/utils/__init__.py", line 214, in wrapper
    return func(*args, **kw)
  File "/Users/effemm/Documents/frappe-/frappe-test-bench/apps/frappe/frappe/model/document.py", line 70, in get_doc
    return get_doc_from_dict(kwargs)
  File "/Users/effemm/Documents/frappe-/frappe-test-bench/apps/frappe/frappe/model/document.py", line 104, in get_doc_from_dict
    controller = get_controller(data["doctype"])
  File "/Users/effemm/Documents/frappe-/frappe-test-bench/apps/frappe/frappe/model/base_document.py", line 68, in get_controller
    return import_controller(doctype)
  File "/Users/effemm/Documents/frappe-/frappe-test-bench/apps/frappe/frappe/model/base_document.py", line 90, in import_controller
    class_overrides = frappe.get_hooks("override_doctype_class")
  File "/Users/effemm/Documents/frappe-/frappe-test-bench/apps/frappe/frappe/__init__.py", line 1571, in get_hooks
    hooks = _load_app_hooks()
  File "/Users/effemm/Documents/frappe-/frappe-test-bench/apps/frappe/frappe/utils/caching.py", line 64, in wrapper
    return_val = func(*args, **kwargs)
  File "/Users/effemm/Documents/frappe-/frappe-test-bench/apps/frappe/frappe/__init__.py", line 1540, in _load_app_hooks
    app_hooks = get_module(f"{app}.hooks")
  File "/Users/effemm/Documents/frappe-/frappe-test-bench/apps/frappe/frappe/__init__.py", line 1406, in get_module
    return importlib.import_module(modulename)
  File "/Library/Frameworks/Python.framework/Versions/3.10/lib/python3.10/importlib/__init__.py", line 126, in import_module
    return _bootstrap._gcd_import(name[level:], package, level)
  File "<frozen importlib._bootstrap>", line 1050, in _gcd_import
  File "<frozen importlib._bootstrap>", line 1027, in _find_and_load
  File "<frozen importlib._bootstrap>", line 1006, in _find_and_load_unlocked
  File "<frozen importlib._bootstrap>", line 688, in _load_unlocked
  File "<frozen importlib._bootstrap_external>", line 883, in exec_module
  File "<frozen importlib._bootstrap>", line 241, in _call_with_frames_removed
  File "/Users/effemm/Documents/frappe-/frappe-test-bench/apps/project_management_app/project_management_app/hooks.py", line 252, in <module>
    app_name.api.create_task = "project_management_app.api.create_task"
AttributeError: 'str' object has no attribute 'api'
2025-02-09 04:28:45,090 ERROR frappe Failed to run after request hook
Site: project-management
Form Dict: {}
Traceback (most recent call last):
  File "/Users/effemm/Documents/frappe-/frappe-test-bench/apps/frappe/frappe/utils/caching.py", line 62, in wrapper
    return _cache[func][args_key]
KeyError: 5740354900026072187

During handling of the above exception, another exception occurred:

Traceback (most recent call last):
  File "/Users/effemm/Documents/frappe-/frappe-test-bench/apps/frappe/frappe/app.py", line 147, in application
    run_after_request_hooks(request, response)
  File "/Users/effemm/Documents/frappe-/frappe-test-bench/apps/frappe/frappe/app.py", line 162, in run_after_request_hooks
    for after_request_task in frappe.get_hooks("after_request"):
  File "/Users/effemm/Documents/frappe-/frappe-test-bench/apps/frappe/frappe/__init__.py", line 1571, in get_hooks
    hooks = _load_app_hooks()
  File "/Users/effemm/Documents/frappe-/frappe-test-bench/apps/frappe/frappe/utils/caching.py", line 64, in wrapper
    return_val = func(*args, **kwargs)
  File "/Users/effemm/Documents/frappe-/frappe-test-bench/apps/frappe/frappe/__init__.py", line 1540, in _load_app_hooks
    app_hooks = get_module(f"{app}.hooks")
  File "/Users/effemm/Documents/frappe-/frappe-test-bench/apps/frappe/frappe/__init__.py", line 1406, in get_module
    return importlib.import_module(modulename)
  File "/Library/Frameworks/Python.framework/Versions/3.10/lib/python3.10/importlib/__init__.py", line 126, in import_module
    return _bootstrap._gcd_import(name[level:], package, level)
  File "<frozen importlib._bootstrap>", line 1050, in _gcd_import
  File "<frozen importlib._bootstrap>", line 1027, in _find_and_load
  File "<frozen importlib._bootstrap>", line 1006, in _find_and_load_unlocked
  File "<frozen importlib._bootstrap>", line 688, in _load_unlocked
  File "<frozen importlib._bootstrap_external>", line 883, in exec_module
  File "<frozen importlib._bootstrap>", line 241, in _call_with_frames_removed
  File "/Users/effemm/Documents/frappe-/frappe-test-bench/apps/project_management_app/project_management_app/hooks.py", line 252, in <module>
    app_name.api.create_task = "project_management_app.api.create_task"
AttributeError: 'str' object has no attribute 'api'
2025-02-09 04:30:03,880 ERROR frappe Could not take error snapshot: 'str' object has no attribute 'api'
Site: project-management
Form Dict: {}
Traceback (most recent call last):
  File "/Users/effemm/Documents/frappe-/frappe-test-bench/apps/frappe/frappe/utils/caching.py", line 62, in wrapper
    return _cache[func][args_key]
KeyError: 5740354900026072187

During handling of the above exception, another exception occurred:

Traceback (most recent call last):
  File "/Users/effemm/Documents/frappe-/frappe-test-bench/apps/frappe/frappe/app.py", line 96, in application
    init_request(request)
  File "/Users/effemm/Documents/frappe-/frappe-test-bench/apps/frappe/frappe/app.py", line 198, in init_request
    for before_request_task in frappe.get_hooks("before_request"):
  File "/Users/effemm/Documents/frappe-/frappe-test-bench/apps/frappe/frappe/__init__.py", line 1571, in get_hooks
    hooks = _load_app_hooks()
  File "/Users/effemm/Documents/frappe-/frappe-test-bench/apps/frappe/frappe/utils/caching.py", line 64, in wrapper
    return_val = func(*args, **kwargs)
  File "/Users/effemm/Documents/frappe-/frappe-test-bench/apps/frappe/frappe/__init__.py", line 1540, in _load_app_hooks
    app_hooks = get_module(f"{app}.hooks")
  File "/Users/effemm/Documents/frappe-/frappe-test-bench/apps/frappe/frappe/__init__.py", line 1406, in get_module
    return importlib.import_module(modulename)
  File "/Library/Frameworks/Python.framework/Versions/3.10/lib/python3.10/importlib/__init__.py", line 126, in import_module
    return _bootstrap._gcd_import(name[level:], package, level)
  File "<frozen importlib._bootstrap>", line 1050, in _gcd_import
  File "<frozen importlib._bootstrap>", line 1027, in _find_and_load
  File "<frozen importlib._bootstrap>", line 1006, in _find_and_load_unlocked
  File "<frozen importlib._bootstrap>", line 688, in _load_unlocked
  File "<frozen importlib._bootstrap_external>", line 883, in exec_module
  File "<frozen importlib._bootstrap>", line 241, in _call_with_frames_removed
  File "/Users/effemm/Documents/frappe-/frappe-test-bench/apps/project_management_app/project_management_app/hooks.py", line 252, in <module>
    app_name.api.create_task = "project_management_app.api.create_task"
AttributeError: 'str' object has no attribute 'api'

During handling of the above exception, another exception occurred:

Traceback (most recent call last):
  File "/Users/effemm/Documents/frappe-/frappe-test-bench/apps/frappe/frappe/utils/caching.py", line 62, in wrapper
    return _cache[func][args_key]
KeyError: 5740354900026072187

During handling of the above exception, another exception occurred:

Traceback (most recent call last):
  File "/Users/effemm/Documents/frappe-/frappe-test-bench/apps/frappe/frappe/utils/error.py", line 87, in log_error_snapshot
    log_error(title=str(exception), defer_insert=True)
  File "/Users/effemm/Documents/frappe-/frappe-test-bench/apps/frappe/frappe/utils/error.py", line 62, in log_error
    error_log = frappe.get_doc(
  File "/Users/effemm/Documents/frappe-/frappe-test-bench/apps/frappe/frappe/__init__.py", line 1263, in get_doc
    return frappe.model.document.get_doc(*args, **kwargs)
  File "/Users/effemm/Documents/frappe-/frappe-test-bench/apps/frappe/frappe/model/utils/__init__.py", line 214, in wrapper
    return func(*args, **kw)
  File "/Users/effemm/Documents/frappe-/frappe-test-bench/apps/frappe/frappe/model/document.py", line 70, in get_doc
    return get_doc_from_dict(kwargs)
  File "/Users/effemm/Documents/frappe-/frappe-test-bench/apps/frappe/frappe/model/document.py", line 104, in get_doc_from_dict
    controller = get_controller(data["doctype"])
  File "/Users/effemm/Documents/frappe-/frappe-test-bench/apps/frappe/frappe/model/base_document.py", line 68, in get_controller
    return import_controller(doctype)
  File "/Users/effemm/Documents/frappe-/frappe-test-bench/apps/frappe/frappe/model/base_document.py", line 90, in import_controller
    class_overrides = frappe.get_hooks("override_doctype_class")
  File "/Users/effemm/Documents/frappe-/frappe-test-bench/apps/frappe/frappe/__init__.py", line 1571, in get_hooks
    hooks = _load_app_hooks()
  File "/Users/effemm/Documents/frappe-/frappe-test-bench/apps/frappe/frappe/utils/caching.py", line 64, in wrapper
    return_val = func(*args, **kwargs)
  File "/Users/effemm/Documents/frappe-/frappe-test-bench/apps/frappe/frappe/__init__.py", line 1540, in _load_app_hooks
    app_hooks = get_module(f"{app}.hooks")
  File "/Users/effemm/Documents/frappe-/frappe-test-bench/apps/frappe/frappe/__init__.py", line 1406, in get_module
    return importlib.import_module(modulename)
  File "/Library/Frameworks/Python.framework/Versions/3.10/lib/python3.10/importlib/__init__.py", line 126, in import_module
    return _bootstrap._gcd_import(name[level:], package, level)
  File "<frozen importlib._bootstrap>", line 1050, in _gcd_import
  File "<frozen importlib._bootstrap>", line 1027, in _find_and_load
  File "<frozen importlib._bootstrap>", line 1006, in _find_and_load_unlocked
  File "<frozen importlib._bootstrap>", line 688, in _load_unlocked
  File "<frozen importlib._bootstrap_external>", line 883, in exec_module
  File "<frozen importlib._bootstrap>", line 241, in _call_with_frames_removed
  File "/Users/effemm/Documents/frappe-/frappe-test-bench/apps/project_management_app/project_management_app/hooks.py", line 252, in <module>
    app_name.api.create_task = "project_management_app.api.create_task"
AttributeError: 'str' object has no attribute 'api'
2025-02-09 04:30:03,890 ERROR frappe Failed to run after request hook
Site: project-management
Form Dict: {}
Traceback (most recent call last):
  File "/Users/effemm/Documents/frappe-/frappe-test-bench/apps/frappe/frappe/utils/caching.py", line 62, in wrapper
    return _cache[func][args_key]
KeyError: 5740354900026072187

During handling of the above exception, another exception occurred:

Traceback (most recent call last):
  File "/Users/effemm/Documents/frappe-/frappe-test-bench/apps/frappe/frappe/app.py", line 147, in application
    run_after_request_hooks(request, response)
  File "/Users/effemm/Documents/frappe-/frappe-test-bench/apps/frappe/frappe/app.py", line 162, in run_after_request_hooks
    for after_request_task in frappe.get_hooks("after_request"):
  File "/Users/effemm/Documents/frappe-/frappe-test-bench/apps/frappe/frappe/__init__.py", line 1571, in get_hooks
    hooks = _load_app_hooks()
  File "/Users/effemm/Documents/frappe-/frappe-test-bench/apps/frappe/frappe/utils/caching.py", line 64, in wrapper
    return_val = func(*args, **kwargs)
  File "/Users/effemm/Documents/frappe-/frappe-test-bench/apps/frappe/frappe/__init__.py", line 1540, in _load_app_hooks
    app_hooks = get_module(f"{app}.hooks")
  File "/Users/effemm/Documents/frappe-/frappe-test-bench/apps/frappe/frappe/__init__.py", line 1406, in get_module
    return importlib.import_module(modulename)
  File "/Library/Frameworks/Python.framework/Versions/3.10/lib/python3.10/importlib/__init__.py", line 126, in import_module
    return _bootstrap._gcd_import(name[level:], package, level)
  File "<frozen importlib._bootstrap>", line 1050, in _gcd_import
  File "<frozen importlib._bootstrap>", line 1027, in _find_and_load
  File "<frozen importlib._bootstrap>", line 1006, in _find_and_load_unlocked
  File "<frozen importlib._bootstrap>", line 688, in _load_unlocked
  File "<frozen importlib._bootstrap_external>", line 883, in exec_module
  File "<frozen importlib._bootstrap>", line 241, in _call_with_frames_removed
  File "/Users/effemm/Documents/frappe-/frappe-test-bench/apps/project_management_app/project_management_app/hooks.py", line 252, in <module>
    app_name.api.create_task = "project_management_app.api.create_task"
AttributeError: 'str' object has no attribute 'api'
2025-02-09 04:32:56,872 ERROR frappe New Exception collected in error log
Site: project-management
Form Dict: {'cmd': 'project_management_app.api.create_task'}
2025-02-09 04:35:44,102 ERROR frappe New Exception collected in error log
Site: project-management
Form Dict: {'cmd': 'project_management_app.api.create_task'}
2025-02-09 04:36:57,418 ERROR frappe New Exception collected in error log
Site: project-management
Form Dict: {'cmd': 'project_management_app.api.create_task'}
2025-02-09 04:37:00,176 ERROR frappe New Exception collected in error log
Site: project-management
Form Dict: {'cmd': 'project_management_app.api.create_task'}
2025-02-09 04:42:19,792 ERROR frappe New Exception collected in error log
Site: project-management
Form Dict: {'cmd': 'project_management_app.api.create_task'}
2025-02-09 04:51:05,524 ERROR frappe New Exception collected in error log
Site: project-management
Form Dict: {'cmd': 'frappe.www.login.send_login_link', 'email': 'femio82@gmail.com'}
2025-02-09 04:56:44,648 ERROR frappe New Exception collected in error log
Site: frappe.test
Form Dict: {'cmd': 'frappe_test_app.api.create_task'}
2025-02-09 04:57:26,685 ERROR frappe New Exception collected in error log
Site: frappe.test
Form Dict: {'cmd': 'frappe_test_app.api.task_api.get_tasks'}
2025-02-09 04:57:52,560 ERROR frappe New Exception collected in error log
Site: frappe.test
Form Dict: {'cmd': 'frappe_test_app.api.task_api.get_tasks'}
2025-02-09 04:58:52,501 ERROR frappe New Exception collected in error log
Site: frappe.test
Form Dict: {'cmd': 'frappe_test_app.api.task_api.get_task'}
2025-02-09 04:59:56,016 ERROR frappe New Exception collected in error log
Site: frappe.test
Form Dict: {'cmd': 'frappe_test_app.api.task_api.create_task'}
2025-02-09 05:01:32,321 ERROR frappe New Exception collected in error log
Site: frappe.test
Form Dict: {'docs': '{"name":"Task","owner":"Administrator","creation":"2025-02-09 03:36:36.664918","modified":"2025-02-09 04:00:31.744267","modified_by":"Administrator","docstatus":0,"idx":0,"read_only":0,"in_create":0,"naming_rule":"Autoincrement","autoname":"autoincrement","allow_rename":1,"module":"Project Management","is_submittable":0,"istable":0,"issingle":0,"is_tree":0,"is_calendar_and_gantt":0,"editable_grid":0,"quick_entry":0,"track_changes":0,"track_seen":0,"track_views":0,"custom":0,"beta":0,"is_virtual":0,"queue_in_background":0,"max_attachments":0,"hide_toolbar":0,"allow_copy":0,"allow_import":0,"allow_events_in_timeline":0,"allow_auto_repeat":0,"make_attachments_public":0,"show_title_field_in_link":0,"translated_doctype":0,"sort_field":"creation","sort_order":"DESC","force_re_route_to_default_view":0,"document_type":"","show_preview_popup":0,"show_name_in_global_search":0,"email_append_to":0,"has_web_view":0,"allow_guest_to_view":0,"index_web_pages_for_search":1,"engine":"InnoDB","doctype":"DocType","permissions":[{"name":"joeicg4upi","owner":"Administrator","creation":"2025-02-09 03:36:36.664918","modified":"2025-02-09 04:00:31.744267","modified_by":"Administrator","docstatus":0,"idx":1,"role":"System Manager","if_owner":0,"permlevel":0,"select":0,"read":1,"write":1,"create":1,"delete":1,"submit":0,"cancel":0,"amend":0,"report":1,"export":1,"import":0,"share":1,"print":1,"email":1,"parent":"Task","parentfield":"permissions","parenttype":"DocType","doctype":"DocPerm"}],"states":[],"actions":[],"fields":[{"name":"171ggvcu5s","owner":"Administrator","creation":"2025-02-09 03:36:36.664918","modified":"2025-02-09 04:00:31.744267","modified_by":"Administrator","docstatus":0,"idx":1,"label":"task_name","fieldtype":"Data","fieldname":"goal_name","precision":"","length":0,"non_negative":0,"hide_days":0,"hide_seconds":0,"reqd":0,"is_virtual":0,"search_index":0,"not_nullable":0,"sort_options":0,"show_dashboard":0,"fetch_if_empty":0,"hidden":0,"show_on_timeline":0,"bold":0,"allow_in_quick_entry":0,"translatable":0,"print_hide":0,"print_hide_if_no_value":0,"report_hide":0,"collapsible":0,"hide_border":0,"in_list_view":0,"in_standard_filter":0,"in_preview":0,"sticky":0,"in_filter":0,"in_global_search":0,"read_only":0,"allow_on_submit":0,"ignore_user_permissions":0,"allow_bulk_edit":0,"make_attachment_public":0,"permlevel":0,"ignore_xss_filter":0,"unique":0,"no_copy":0,"set_only_once":0,"remember_last_selected_value":0,"columns":0,"parent":"Task","parentfield":"fields","parenttype":"DocType","doctype":"DocField"},{"name":"171c2j8mb6","owner":"Administrator","creation":"2025-02-09 03:36:36.664918","modified":"2025-02-09 04:00:31.744267","modified_by":"Administrator","docstatus":0,"idx":2,"label":"project","fieldtype":"Link","fieldname":"project","precision":"","length":0,"non_negative":0,"hide_days":0,"hide_seconds":0,"reqd":0,"is_virtual":0,"search_index":0,"not_nullable":0,"options":"Project","sort_options":0,"show_dashboard":0,"fetch_if_empty":0,"hidden":0,"show_on_timeline":0,"bold":0,"allow_in_quick_entry":0,"translatable":0,"print_hide":0,"print_hide_if_no_value":0,"report_hide":0,"collapsible":0,"hide_border":0,"in_list_view":0,"in_standard_filter":0,"in_preview":0,"sticky":0,"in_filter":0,"in_global_search":0,"read_only":0,"allow_on_submit":0,"ignore_user_permissions":0,"allow_bulk_edit":0,"make_attachment_public":0,"permlevel":0,"ignore_xss_filter":0,"unique":0,"no_copy":0,"set_only_once":0,"remember_last_selected_value":0,"columns":0,"parent":"Task","parentfield":"fields","parenttype":"DocType","doctype":"DocField"},{"name":"171kvvtv05","owner":"Administrator","creation":"2025-02-09 03:36:36.664918","modified":"2025-02-09 04:00:31.744267","modified_by":"Administrator","docstatus":0,"idx":3,"label":"assigned_to","fieldtype":"Link","fieldname":"assigned_to","precision":"","length":0,"non_negative":0,"hide_days":0,"hide_seconds":0,"reqd":0,"is_virtual":0,"search_index":0,"not_nullable":0,"options":"Employee","sort_options":0,"show_dashboard":0,"fetch_if_empty":0,"hidden":0,"show_on_timeline":0,"bold":0,"allow_in_quick_entry":0,"translatable":0,"print_hide":0,"print_hide_if_no_value":0,"report_hide":0,"collapsible":0,"hide_border":0,"in_list_view":0,"in_standard_filter":0,"in_preview":0,"sticky":0,"in_filter":0,"in_global_search":0,"read_only":0,"allow_on_submit":0,"ignore_user_permissions":0,"allow_bulk_edit":0,"make_attachment_public":0,"permlevel":0,"ignore_xss_filter":0,"unique":0,"no_copy":0,"set_only_once":0,"remember_last_selected_value":0,"columns":0,"parent":"Task","parentfield":"fields","parenttype":"DocType","doctype":"DocField"},{"name":"1719fuqfrm","owner":"Administrator","creation":"2025-02-09 03:36:36.664918","modified":"2025-02-09 04:00:31.744267","modified_by":"Administrator","docstatus":0,"idx":4,"label":"start_date","fieldtype":"Date","fieldname":"start_date","precision":"","length":0,"non_negative":0,"hide_days":0,"hide_seconds":0,"reqd":0,"is_virtual":0,"search_index":0,"not_nullable":0,"sort_options":0,"show_dashboard":0,"fetch_if_empty":0,"hidden":0,"show_on_timeline":0,"bold":0,"allow_in_quick_entry":0,"translatable":0,"print_hide":0,"print_hide_if_no_value":0,"report_hide":0,"collapsible":0,"hide_border":0,"in_list_view":0,"in_standard_filter":0,"in_preview":0,"sticky":0,"in_filter":0,"in_global_search":0,"read_only":0,"allow_on_submit":0,"ignore_user_permissions":0,"allow_bulk_edit":0,"make_attachment_public":0,"permlevel":0,"ignore_xss_filter":0,"unique":0,"no_copy":0,"set_only_once":0,"remember_last_selected_value":0,"columns":0,"parent":"Task","parentfield":"fields","parenttype":"DocType","doctype":"DocField"},{"name":"171v1bo4l5","owner":"Administrator","creation":"2025-02-09 03:36:36.664918","modified":"2025-02-09 04:00:31.744267","modified_by":"Administrator","docstatus":0,"idx":5,"label":"end_date","fieldtype":"Date","fieldname":"end_date","precision":"","length":0,"non_negative":0,"hide_days":0,"hide_seconds":0,"reqd":0,"is_virtual":0,"search_index":0,"not_nullable":0,"sort_options":0,"show_dashboard":0,"fetch_if_empty":0,"hidden":0,"show_on_timeline":0,"bold":0,"allow_in_quick_entry":0,"translatable":0,"print_hide":0,"print_hide_if_no_value":0,"report_hide":0,"collapsible":0,"hide_border":0,"in_list_view":0,"in_standard_filter":0,"in_preview":0,"sticky":0,"in_filter":0,"in_global_search":0,"read_only":0,"allow_on_submit":0,"ignore_user_permissions":0,"allow_bulk_edit":0,"make_attachment_public":0,"permlevel":0,"ignore_xss_filter":0,"unique":0,"no_copy":0,"set_only_once":0,"remember_last_selected_value":0,"columns":0,"parent":"Task","parentfield":"fields","parenttype":"DocType","doctype":"DocField"},{"name":"1718jm084c","owner":"Administrator","creation":"2025-02-09 03:36:36.664918","modified":"2025-02-09 04:00:31.744267","modified_by":"Administrator","docstatus":0,"idx":6,"label":"status","fieldtype":"Select","fieldname":"status","precision":"","length":0,"non_negative":0,"hide_days":0,"hide_seconds":0,"reqd":0,"is_virtual":0,"search_index":0,"not_nullable":0,"options":"Not Started\\nIn Progress\\nCompleted","sort_options":0,"show_dashboard":0,"fetch_if_empty":0,"hidden":0,"show_on_timeline":0,"bold":0,"allow_in_quick_entry":0,"translatable":0,"print_hide":0,"print_hide_if_no_value":0,"report_hide":0,"collapsible":0,"hide_border":0,"in_list_view":0,"in_standard_filter":0,"in_preview":0,"sticky":0,"in_filter":0,"in_global_search":0,"read_only":0,"allow_on_submit":0,"ignore_user_permissions":0,"allow_bulk_edit":0,"make_attachment_public":0,"permlevel":0,"ignore_xss_filter":0,"unique":0,"no_copy":0,"set_only_once":0,"remember_last_selected_value":0,"columns":0,"parent":"Task","parentfield":"fields","parenttype":"DocType","doctype":"DocField"},{"name":"171bl1jovd","owner":"Administrator","creation":"2025-02-09 03:36:36.664918","modified":"2025-02-09 04:00:31.744267","modified_by":"Administrator","docstatus":0,"idx":7,"label":"priority","fieldtype":"Select","fieldname":"priority","precision":"","length":0,"non_negative":0,"hide_days":0,"hide_seconds":0,"reqd":0,"is_virtual":0,"search_index":0,"not_nullable":0,"options":"Low\\nMedium\\nHigh","sort_options":0,"show_dashboard":0,"fetch_if_empty":0,"hidden":0,"show_on_timeline":0,"bold":0,"allow_in_quick_entry":0,"translatable":0,"print_hide":0,"print_hide_if_no_value":0,"report_hide":0,"collapsible":0,"hide_border":0,"in_list_view":0,"in_standard_filter":0,"in_preview":0,"sticky":0,"in_filter":0,"in_global_search":0,"read_only":0,"allow_on_submit":0,"ignore_user_permissions":0,"allow_bulk_edit":0,"make_attachment_public":0,"permlevel":0,"ignore_xss_filter":0,"unique":0,"no_copy":0,"set_only_once":0,"remember_last_selected_value":0,"columns":0,"parent":"Task","parentfield":"fields","parenttype":"DocType","doctype":"DocField"},{"name":"171knblspm","owner":"Administrator","creation":"2025-02-09 03:36:36.664918","modified":"2025-02-09 04:00:31.744267","modified_by":"Administrator","docstatus":0,"idx":8,"label":"description","fieldtype":"Text","fieldname":"description","precision":"","length":0,"non_negative":0,"hide_days":0,"hide_seconds":0,"reqd":0,"is_virtual":0,"search_index":0,"not_nullable":0,"sort_options":0,"show_dashboard":0,"fetch_if_empty":0,"hidden":0,"show_on_timeline":0,"bold":0,"allow_in_quick_entry":0,"translatable":0,"print_hide":0,"print_hide_if_no_value":0,"report_hide":0,"collapsible":0,"hide_border":0,"in_list_view":0,"in_standard_filter":0,"in_preview":0,"sticky":0,"in_filter":0,"in_global_search":0,"read_only":0,"allow_on_submit":0,"ignore_user_permissions":0,"allow_bulk_edit":0,"make_attachment_public":0,"permlevel":0,"ignore_xss_filter":0,"unique":0,"no_copy":0,"set_only_once":0,"remember_last_selected_value":0,"columns":0,"parent":"Task","parentfield":"fields","parenttype":"DocType","doctype":"DocField"}],"links":[],"__last_sync_on":"2025-02-09T04:01:32.019Z"}', 'method': 'check_pending_migration', 'cmd': 'run_doc_method'}
2025-02-09 05:26:21,537 ERROR frappe New Exception collected in error log
Site: frappe.test
Form Dict: {'report_name': 'Permitted Documents For User', 'filters': '{"user":"Guest","doctype":"Task","show_permissions":1}', 'ignore_prepared_report': 'false', 'are_default_filters': 'false', 'cmd': 'frappe.desk.query_report.run'}
2025-02-09 05:26:21,550 ERROR frappe New Exception collected in error log
Site: frappe.test
Form Dict: {'report_name': 'Permitted Documents For User', 'filters': '{"user":"Guest","doctype":"Task","show_permissions":1}', 'ignore_prepared_report': 'false', 'are_default_filters': 'false', 'cmd': 'frappe.desk.query_report.run'}
2025-02-09 05:26:21,779 ERROR frappe New Exception collected in error log
Site: frappe.test
Form Dict: {'report_name': 'Permitted Documents For User', 'filters': '{"user":"Guest","doctype":"Task","show_permissions":1}', 'ignore_prepared_report': 'false', 'are_default_filters': 'false', 'cmd': 'frappe.desk.query_report.run'}
2025-02-09 05:51:56,435 ERROR frappe New Exception collected in error log
Site: frappe.test
Form Dict: {'doc': '{"docstatus":0,"doctype":"User Permission","name":"new-user-permission-frjrhsnbfm","__islocal":1,"__unsaved":1,"owner":"Administrator","is_default":1,"apply_to_all_doctypes":1,"hide_descendants":0,"user":"Guest","allow":"Task","for_value":1}', 'action': 'Save', 'cmd': 'frappe.desk.form.save.savedocs'}
2025-02-09 05:52:23,023 ERROR frappe New Exception collected in error log
Site: frappe.test
Form Dict: {'cmd': 'frappe_test_app.api.task_api.get_tasks'}
2025-02-09 05:57:07,129 ERROR frappe New Exception collected in error log
Site: frappe.test
Form Dict: {}
2025-02-09 05:57:45,114 ERROR frappe New Exception collected in error log
Site: frappe.test
Form Dict: {}
2025-02-09 06:01:58,395 ERROR frappe New Exception collected in error log
Site: frappe.test
Form Dict: {}
2025-02-09 06:02:35,772 ERROR frappe New Exception collected in error log
Site: frappe.test
Form Dict: {}
2025-02-09 06:07:29,207 ERROR frappe New Exception collected in error log
Site: frappe.test
Form Dict: {'cmd': 'frappe_test_app.api.task_api.create_'}
2025-02-09 06:26:54,173 ERROR frappe New Exception collected in error log
Site: frappe.test
Form Dict: {}
2025-02-09 06:28:11,386 ERROR frappe New Exception collected in error log
Site: frappe.test
Form Dict: {}
2025-02-09 06:34:14,896 ERROR frappe New Exception collected in error log
Site: frappe.test
Form Dict: {}
2025-02-09 06:34:46,737 ERROR frappe New Exception collected in error log
Site: frappe.test
Form Dict: {}
